<?xml version="1.0" encoding="UTF-8"?>
<!-- Generated by org.testng.reporters.JUnitXMLReporter -->
<testsuite hostname="LE000539" ignored="2" name="Amazongoogletest(failed)(failed)" tests="3" failures="2" timestamp="2020-01-20T14:57:32 IST" time="0.126" errors="0">
  <testcase name="signinbuttonclick" time="0.007" classname="testrunner.Amazongoogletestrun">
    <skipped/>
  </testcase> <!-- signinbuttonclick -->
  <testcase name="signinbuttonclick" time="0.003" classname="testrunner.Amazongoogletestrun">
    <failure type="java.lang.NullPointerException">
      <![CDATA[java.lang.NullPointerException
at pageobjects.Amazonanotherpage.signin_button_click(Amazonanotherpage.java:37)
at testrunner.Amazongoogletestrun.signinbuttonclick(Amazongoogletestrun.java:35)
at java.util.concurrent.ThreadPoolExecutor.runWorker(ThreadPoolExecutor.java:1142)
at java.util.concurrent.ThreadPoolExecutor$Worker.run(ThreadPoolExecutor.java:617)
at java.lang.Thread.run(Thread.java:745)
... Removed 12 stack frames]]>
    </failure>
  </testcase> <!-- signinbuttonclick -->
  <testcase name="signinbuttonclick" time="0.09" classname="testrunner.Amazongoogletestrun">
    <failure type="java.lang.RuntimeException" message="java.lang.NullPointerException">
      <![CDATA[java.lang.RuntimeException: java.lang.NullPointerException
at ru.yandex.qatools.ashot.util.InnerScript.execute(InnerScript.java:29)
at ru.yandex.qatools.ashot.shooting.ViewportPastingDecorator.getFullHeight(ViewportPastingDecorator.java:67)
at ru.yandex.qatools.ashot.shooting.ViewportPastingDecorator.getScreenshot(ViewportPastingDecorator.java:41)
at ru.yandex.qatools.ashot.shooting.ViewportPastingDecorator.getScreenshot(ViewportPastingDecorator.java:35)
at ru.yandex.qatools.ashot.AShot.takeScreenshot(AShot.java:143)
at basepage.Basetesting.fullsscreen(Basetesting.java:162)
at basepage.Basetesting.onTestFailure(Basetesting.java:128)
at java.util.concurrent.ThreadPoolExecutor.runWorker(ThreadPoolExecutor.java:1142)
at java.util.concurrent.ThreadPoolExecutor$Worker.run(ThreadPoolExecutor.java:617)
at java.lang.Thread.run(Thread.java:745)
Caused by: java.lang.NullPointerException
at ru.yandex.qatools.ashot.util.InnerScript.execute(InnerScript.java:27)
... 18 more
... Removed 9 stack frames]]>
    </failure>
  </testcase> <!-- signinbuttonclick -->
  <testcase name="movetothenextpagecreateaccount" time="0.0" classname="testrunner.Amazongoogletestrun">
    <ignored/>
  </testcase> <!-- movetothenextpagecreateaccount -->
  <testcase name="verifyfirstline" time="0.0" classname="testrunner.Amazongoogletestrun">
    <ignored/>
  </testcase> <!-- verifyfirstline -->
</testsuite> <!-- Amazongoogletest(failed)(failed) -->
