<html>
<head>
<title>TestNG:  Test</title>
<link href="../testng.css" rel="stylesheet" type="text/css" />
<link href="../my-testng.css" rel="stylesheet" type="text/css" />

<style type="text/css">
.log { display: none;} 
.stack-trace { display: none;} 
</style>
<script type="text/javascript">
<!--
function flip(e) {
  current = e.style.display;
  if (current == 'block') {
    e.style.display = 'none';
    return 0;
  }
  else {
    e.style.display = 'block';
    return 1;
  }
}

function toggleBox(szDivId, elem, msg1, msg2)
{
  var res = -1;  if (document.getElementById) {
    res = flip(document.getElementById(szDivId));
  }
  else if (document.all) {
    // this is the way old msie versions work
    res = flip(document.all[szDivId]);
  }
  if(elem) {
    if(res == 0) elem.innerHTML = msg1; else elem.innerHTML = msg2;
  }

}

function toggleAllBoxes() {
  if (document.getElementsByTagName) {
    d = document.getElementsByTagName('div');
    for (i = 0; i < d.length; i++) {
      if (d[i].className == 'log') {
        flip(d[i]);
      }
    }
  }
}

// -->
</script>

</head>
<body>
<h2 align='center'>Test</h2><table border='1' align="center">
<tr>
<td>Tests passed/Failed/Skipped:</td><td>0/1/13</td>
</tr><tr>
<td>Started on:</td><td>Thu Feb 20 11:50:07 IST 2020</td>
</tr>
<tr><td>Total time:</td><td>1 seconds (1724 ms)</td>
</tr><tr>
<td>Included groups:</td><td></td>
</tr><tr>
<td>Excluded groups:</td><td></td>
</tr>
</table><p/>
<small><i>(Hover the method name to see the test class name)</i></small><p/>
<table width='100%' border='1' class='invocation-failed'>
<tr><td colspan='4' align='center'><b>FAILED CONFIGURATIONS</b></td></tr>
<tr><td><b>Test method</b></td>
<td width="30%"><b>Exception</b></td>
<td width="10%"><b>Time (seconds)</b></td>
<td><b>Instance</b></td>
</tr>
<tr>
<td title='pageobjects.HubNodeTest.beforeTest()'><b>beforeTest</b><br>Test class: pageobjects.HubNodeTest</td>
<td><div><pre>org.testng.TestNGException: 
Parameter &apos;node&apos; is required by BeforeTest on method beforeTest but has not been marked @Optional or defined
in C:\Users\sathyamoorthy.p\Eclipse Helios\SAIFramework\testng5.xml
... Removed 21 stack frames</pre></div><a href='#' onClick='toggleBox("stack-trace2011791487", this, "Click to show all stack frames", "Click to hide stack frames")'>Click to show all stack frames</a>
<div class='stack-trace' id='stack-trace2011791487'><pre>org.testng.TestNGException: 
Parameter &apos;node&apos; is required by BeforeTest on method beforeTest but has not been marked @Optional or defined
in C:\Users\sathyamoorthy.p\Eclipse Helios\SAIFramework\testng5.xml
	at org.testng.internal.Parameters.createParams(Parameters.java:289)
	at org.testng.internal.Parameters.createParametersForMethod(Parameters.java:377)
	at org.testng.internal.Parameters.createParameters(Parameters.java:721)
	at org.testng.internal.Parameters.createConfigurationParameters(Parameters.java:164)
	at org.testng.internal.ConfigInvoker.invokeConfigurations(ConfigInvoker.java:275)
	at org.testng.TestRunner.invokeTestConfigurations(TestRunner.java:623)
	at org.testng.TestRunner.beforeRun(TestRunner.java:613)
	at org.testng.TestRunner.run(TestRunner.java:584)
	at org.testng.SuiteRunner.runTest(SuiteRunner.java:402)
	at org.testng.SuiteRunner.runSequentially(SuiteRunner.java:396)
	at org.testng.SuiteRunner.privateRun(SuiteRunner.java:355)
	at org.testng.SuiteRunner.run(SuiteRunner.java:304)
	at org.testng.SuiteRunnerWorker.runSuite(SuiteRunnerWorker.java:53)
	at org.testng.SuiteRunnerWorker.run(SuiteRunnerWorker.java:96)
	at org.testng.TestNG.runSuitesSequentially(TestNG.java:1180)
	at org.testng.TestNG.runSuitesLocally(TestNG.java:1102)
	at org.testng.TestNG.runSuites(TestNG.java:1032)
	at org.testng.TestNG.run(TestNG.java:1000)
	at org.testng.remote.AbstractRemoteTestNG.run(AbstractRemoteTestNG.java:115)
	at org.testng.remote.RemoteTestNG.initAndRun(RemoteTestNG.java:251)
	at org.testng.remote.RemoteTestNG.main(RemoteTestNG.java:77)
</pre></div></td>
<td>-1582179607</td>
<td>pageobjects.HubNodeTest@3b088d51</td></tr>
</table><p>
<table width='100%' border='1' class='invocation-skipped'>
<tr><td colspan='4' align='center'><b>SKIPPED CONFIGURATIONS</b></td></tr>
<tr><td><b>Test method</b></td>
<td width="30%"><b>Exception</b></td>
<td width="10%"><b>Time (seconds)</b></td>
<td><b>Instance</b></td>
</tr>
<tr>
<td title='pageobjects.ParallelTestB.setUp()'><b>setUp</b><br>Test class: pageobjects.ParallelTestB</td>
<td></td>
<td>-1582179607</td>
<td>pageobjects.ParallelTestB@3712b94</td></tr>
<tr>
<td title='pageobjects.ParallelTestA1.setUp()'><b>setUp</b><br>Test class: pageobjects.ParallelTestA1</td>
<td></td>
<td>-1582179607</td>
<td>pageobjects.ParallelTestA1@1786dec2</td></tr>
<tr>
<td title='pageobjects.GridExampleTest.setUp()'><b>setUp</b><br>Test class: pageobjects.GridExampleTest</td>
<td></td>
<td>-1582179607</td>
<td>pageobjects.GridExampleTest@15d0c81b</td></tr>
<tr>
<td title='pageobjects.GridExampleTest.closeBrowser()'><b>closeBrowser</b><br>Test class: pageobjects.GridExampleTest</td>
<td></td>
<td>-1582179607</td>
<td>pageobjects.GridExampleTest@15d0c81b</td></tr>
<tr>
<td title='pageobjects.HubNodeTest.afterTest()'><b>afterTest</b><br>Test class: pageobjects.HubNodeTest</td>
<td></td>
<td>-1582179608</td>
<td>pageobjects.HubNodeTest@3b088d51</td></tr>
</table><p>
<table width='100%' border='1' class='invocation-failed'>
<tr><td colspan='4' align='center'><b>FAILED TESTS</b></td></tr>
<tr><td><b>Test method</b></td>
<td width="30%"><b>Exception</b></td>
<td width="10%"><b>Time (seconds)</b></td>
<td><b>Instance</b></td>
</tr>
<tr>
<td title='pageobjects.HubNodeTest.testValidUsersDemoWebShop()'><b>testValidUsersDemoWebShop</b><br>Test class: pageobjects.HubNodeTest</td>
<td><div><pre>org.testng.TestNGException: 
Cannot inject @Test annotated Method [testValidUsersDemoWebShop] with [class java.lang.String, class java.lang.String].
For more information on native dependency injection please refer to http://testng.org/doc/documentation-main.html#native-dependency-injection
	at java.util.ArrayList.forEach(ArrayList.java:1249)
... Removed 26 stack frames</pre></div><a href='#' onClick='toggleBox("stack-trace1583353301", this, "Click to show all stack frames", "Click to hide stack frames")'>Click to show all stack frames</a>
<div class='stack-trace' id='stack-trace1583353301'><pre>org.testng.TestNGException: 
Cannot inject @Test annotated Method [testValidUsersDemoWebShop] with [class java.lang.String, class java.lang.String].
For more information on native dependency injection please refer to http://testng.org/doc/documentation-main.html#native-dependency-injection
	at org.testng.internal.Parameters.checkParameterTypes(Parameters.java:458)
	at org.testng.internal.Parameters.createParametersForMethod(Parameters.java:372)
	at org.testng.internal.Parameters.createParameters(Parameters.java:729)
	at org.testng.internal.Parameters.handleParameters(Parameters.java:895)
	at org.testng.internal.Parameters.handleParameters(Parameters.java:762)
	at org.testng.internal.ParameterHandler.handleParameters(ParameterHandler.java:60)
	at org.testng.internal.ParameterHandler.createParameters(ParameterHandler.java:39)
	at org.testng.internal.TestInvoker$MethodInvocationAgent.invoke(TestInvoker.java:771)
	at org.testng.internal.TestInvoker.invokeTestMethods(TestInvoker.java:145)
	at org.testng.internal.TestMethodWorker.invokeTestMethods(TestMethodWorker.java:146)
	at org.testng.internal.TestMethodWorker.run(TestMethodWorker.java:128)
	at java.util.ArrayList.forEach(ArrayList.java:1249)
	at org.testng.TestRunner.privateRun(TestRunner.java:770)
	at org.testng.TestRunner.run(TestRunner.java:591)
	at org.testng.SuiteRunner.runTest(SuiteRunner.java:402)
	at org.testng.SuiteRunner.runSequentially(SuiteRunner.java:396)
	at org.testng.SuiteRunner.privateRun(SuiteRunner.java:355)
	at org.testng.SuiteRunner.run(SuiteRunner.java:304)
	at org.testng.SuiteRunnerWorker.runSuite(SuiteRunnerWorker.java:53)
	at org.testng.SuiteRunnerWorker.run(SuiteRunnerWorker.java:96)
	at org.testng.TestNG.runSuitesSequentially(TestNG.java:1180)
	at org.testng.TestNG.runSuitesLocally(TestNG.java:1102)
	at org.testng.TestNG.runSuites(TestNG.java:1032)
	at org.testng.TestNG.run(TestNG.java:1000)
	at org.testng.remote.AbstractRemoteTestNG.run(AbstractRemoteTestNG.java:115)
	at org.testng.remote.RemoteTestNG.initAndRun(RemoteTestNG.java:251)
	at org.testng.remote.RemoteTestNG.main(RemoteTestNG.java:77)
</pre></div></td>
<td>0</td>
<td>pageobjects.HubNodeTest@3b088d51</td></tr>
</table><p>
<table width='100%' border='1' class='invocation-skipped'>
<tr><td colspan='4' align='center'><b>SKIPPED TESTS</b></td></tr>
<tr><td><b>Test method</b></td>
<td width="30%"><b>Exception</b></td>
<td width="10%"><b>Time (seconds)</b></td>
<td><b>Instance</b></td>
</tr>
<tr>
<td title='testrunner.Logintestrun.Testing()'><b>Testing</b><br>Test class: testrunner.Logintestrun<br>Test method: Title verify</td>
<td><div><pre>org.testng.TestNGException: 
Parameter &apos;node&apos; is required by BeforeTest on method beforeTest but has not been marked @Optional or defined
in C:\Users\sathyamoorthy.p\Eclipse Helios\SAIFramework\testng5.xml
... Removed 21 stack frames</pre></div><a href='#' onClick='toggleBox("stack-trace360062456", this, "Click to show all stack frames", "Click to hide stack frames")'>Click to show all stack frames</a>
<div class='stack-trace' id='stack-trace360062456'><pre>org.testng.TestNGException: 
Parameter &apos;node&apos; is required by BeforeTest on method beforeTest but has not been marked @Optional or defined
in C:\Users\sathyamoorthy.p\Eclipse Helios\SAIFramework\testng5.xml
	at org.testng.internal.Parameters.createParams(Parameters.java:289)
	at org.testng.internal.Parameters.createParametersForMethod(Parameters.java:377)
	at org.testng.internal.Parameters.createParameters(Parameters.java:721)
	at org.testng.internal.Parameters.createConfigurationParameters(Parameters.java:164)
	at org.testng.internal.ConfigInvoker.invokeConfigurations(ConfigInvoker.java:275)
	at org.testng.TestRunner.invokeTestConfigurations(TestRunner.java:623)
	at org.testng.TestRunner.beforeRun(TestRunner.java:613)
	at org.testng.TestRunner.run(TestRunner.java:584)
	at org.testng.SuiteRunner.runTest(SuiteRunner.java:402)
	at org.testng.SuiteRunner.runSequentially(SuiteRunner.java:396)
	at org.testng.SuiteRunner.privateRun(SuiteRunner.java:355)
	at org.testng.SuiteRunner.run(SuiteRunner.java:304)
	at org.testng.SuiteRunnerWorker.runSuite(SuiteRunnerWorker.java:53)
	at org.testng.SuiteRunnerWorker.run(SuiteRunnerWorker.java:96)
	at org.testng.TestNG.runSuitesSequentially(TestNG.java:1180)
	at org.testng.TestNG.runSuitesLocally(TestNG.java:1102)
	at org.testng.TestNG.runSuites(TestNG.java:1032)
	at org.testng.TestNG.run(TestNG.java:1000)
	at org.testng.remote.AbstractRemoteTestNG.run(AbstractRemoteTestNG.java:115)
	at org.testng.remote.RemoteTestNG.initAndRun(RemoteTestNG.java:251)
	at org.testng.remote.RemoteTestNG.main(RemoteTestNG.java:77)
</pre></div></td>
<td>0</td>
<td>testrunner.Logintestrun@6acdbdf5</td></tr>
<tr>
<td title='testrunner.Logincredentialtestrun.amazonregtitleverify()'><b>amazonregtitleverify</b><br>Test class: testrunner.Logincredentialtestrun</td>
<td><div><pre>org.testng.TestNGException: 
Parameter &apos;node&apos; is required by BeforeTest on method beforeTest but has not been marked @Optional or defined
in C:\Users\sathyamoorthy.p\Eclipse Helios\SAIFramework\testng5.xml
... Removed 21 stack frames</pre></div><a href='#' onClick='toggleBox("stack-trace120478350", this, "Click to show all stack frames", "Click to hide stack frames")'>Click to show all stack frames</a>
<div class='stack-trace' id='stack-trace120478350'><pre>org.testng.TestNGException: 
Parameter &apos;node&apos; is required by BeforeTest on method beforeTest but has not been marked @Optional or defined
in C:\Users\sathyamoorthy.p\Eclipse Helios\SAIFramework\testng5.xml
	at org.testng.internal.Parameters.createParams(Parameters.java:289)
	at org.testng.internal.Parameters.createParametersForMethod(Parameters.java:377)
	at org.testng.internal.Parameters.createParameters(Parameters.java:721)
	at org.testng.internal.Parameters.createConfigurationParameters(Parameters.java:164)
	at org.testng.internal.ConfigInvoker.invokeConfigurations(ConfigInvoker.java:275)
	at org.testng.TestRunner.invokeTestConfigurations(TestRunner.java:623)
	at org.testng.TestRunner.beforeRun(TestRunner.java:613)
	at org.testng.TestRunner.run(TestRunner.java:584)
	at org.testng.SuiteRunner.runTest(SuiteRunner.java:402)
	at org.testng.SuiteRunner.runSequentially(SuiteRunner.java:396)
	at org.testng.SuiteRunner.privateRun(SuiteRunner.java:355)
	at org.testng.SuiteRunner.run(SuiteRunner.java:304)
	at org.testng.SuiteRunnerWorker.runSuite(SuiteRunnerWorker.java:53)
	at org.testng.SuiteRunnerWorker.run(SuiteRunnerWorker.java:96)
	at org.testng.TestNG.runSuitesSequentially(TestNG.java:1180)
	at org.testng.TestNG.runSuitesLocally(TestNG.java:1102)
	at org.testng.TestNG.runSuites(TestNG.java:1032)
	at org.testng.TestNG.run(TestNG.java:1000)
	at org.testng.remote.AbstractRemoteTestNG.run(AbstractRemoteTestNG.java:115)
	at org.testng.remote.RemoteTestNG.initAndRun(RemoteTestNG.java:251)
	at org.testng.remote.RemoteTestNG.main(RemoteTestNG.java:77)
</pre></div></td>
<td>0</td>
<td>testrunner.Logincredentialtestrun@4b1c1ea0</td></tr>
<tr>
<td title='testrunner.Logincredentialtestrun.dateselection()'><b>dateselection</b><br>Test class: testrunner.Logincredentialtestrun</td>
<td><div><pre>org.testng.TestNGException: 
Parameter &apos;node&apos; is required by BeforeTest on method beforeTest but has not been marked @Optional or defined
in C:\Users\sathyamoorthy.p\Eclipse Helios\SAIFramework\testng5.xml
... Removed 21 stack frames</pre></div><a href='#' onClick='toggleBox("stack-trace1514476350", this, "Click to show all stack frames", "Click to hide stack frames")'>Click to show all stack frames</a>
<div class='stack-trace' id='stack-trace1514476350'><pre>org.testng.TestNGException: 
Parameter &apos;node&apos; is required by BeforeTest on method beforeTest but has not been marked @Optional or defined
in C:\Users\sathyamoorthy.p\Eclipse Helios\SAIFramework\testng5.xml
	at org.testng.internal.Parameters.createParams(Parameters.java:289)
	at org.testng.internal.Parameters.createParametersForMethod(Parameters.java:377)
	at org.testng.internal.Parameters.createParameters(Parameters.java:721)
	at org.testng.internal.Parameters.createConfigurationParameters(Parameters.java:164)
	at org.testng.internal.ConfigInvoker.invokeConfigurations(ConfigInvoker.java:275)
	at org.testng.TestRunner.invokeTestConfigurations(TestRunner.java:623)
	at org.testng.TestRunner.beforeRun(TestRunner.java:613)
	at org.testng.TestRunner.run(TestRunner.java:584)
	at org.testng.SuiteRunner.runTest(SuiteRunner.java:402)
	at org.testng.SuiteRunner.runSequentially(SuiteRunner.java:396)
	at org.testng.SuiteRunner.privateRun(SuiteRunner.java:355)
	at org.testng.SuiteRunner.run(SuiteRunner.java:304)
	at org.testng.SuiteRunnerWorker.runSuite(SuiteRunnerWorker.java:53)
	at org.testng.SuiteRunnerWorker.run(SuiteRunnerWorker.java:96)
	at org.testng.TestNG.runSuitesSequentially(TestNG.java:1180)
	at org.testng.TestNG.runSuitesLocally(TestNG.java:1102)
	at org.testng.TestNG.runSuites(TestNG.java:1032)
	at org.testng.TestNG.run(TestNG.java:1000)
	at org.testng.remote.AbstractRemoteTestNG.run(AbstractRemoteTestNG.java:115)
	at org.testng.remote.RemoteTestNG.initAndRun(RemoteTestNG.java:251)
	at org.testng.remote.RemoteTestNG.main(RemoteTestNG.java:77)
</pre></div></td>
<td>0</td>
<td>testrunner.Logincredentialtestrun@4b1c1ea0</td></tr>
<tr>
<td title='testrunner.Logincredentialtestrun.enterthename()'><b>enterthename</b><br>Test class: testrunner.Logincredentialtestrun</td>
<td><div><pre>org.testng.TestNGException: 
Parameter &apos;node&apos; is required by BeforeTest on method beforeTest but has not been marked @Optional or defined
in C:\Users\sathyamoorthy.p\Eclipse Helios\SAIFramework\testng5.xml
... Removed 21 stack frames</pre></div><a href='#' onClick='toggleBox("stack-trace517355658", this, "Click to show all stack frames", "Click to hide stack frames")'>Click to show all stack frames</a>
<div class='stack-trace' id='stack-trace517355658'><pre>org.testng.TestNGException: 
Parameter &apos;node&apos; is required by BeforeTest on method beforeTest but has not been marked @Optional or defined
in C:\Users\sathyamoorthy.p\Eclipse Helios\SAIFramework\testng5.xml
	at org.testng.internal.Parameters.createParams(Parameters.java:289)
	at org.testng.internal.Parameters.createParametersForMethod(Parameters.java:377)
	at org.testng.internal.Parameters.createParameters(Parameters.java:721)
	at org.testng.internal.Parameters.createConfigurationParameters(Parameters.java:164)
	at org.testng.internal.ConfigInvoker.invokeConfigurations(ConfigInvoker.java:275)
	at org.testng.TestRunner.invokeTestConfigurations(TestRunner.java:623)
	at org.testng.TestRunner.beforeRun(TestRunner.java:613)
	at org.testng.TestRunner.run(TestRunner.java:584)
	at org.testng.SuiteRunner.runTest(SuiteRunner.java:402)
	at org.testng.SuiteRunner.runSequentially(SuiteRunner.java:396)
	at org.testng.SuiteRunner.privateRun(SuiteRunner.java:355)
	at org.testng.SuiteRunner.run(SuiteRunner.java:304)
	at org.testng.SuiteRunnerWorker.runSuite(SuiteRunnerWorker.java:53)
	at org.testng.SuiteRunnerWorker.run(SuiteRunnerWorker.java:96)
	at org.testng.TestNG.runSuitesSequentially(TestNG.java:1180)
	at org.testng.TestNG.runSuitesLocally(TestNG.java:1102)
	at org.testng.TestNG.runSuites(TestNG.java:1032)
	at org.testng.TestNG.run(TestNG.java:1000)
	at org.testng.remote.AbstractRemoteTestNG.run(AbstractRemoteTestNG.java:115)
	at org.testng.remote.RemoteTestNG.initAndRun(RemoteTestNG.java:251)
	at org.testng.remote.RemoteTestNG.main(RemoteTestNG.java:77)
</pre></div></td>
<td>0</td>
<td>testrunner.Logincredentialtestrun@4b1c1ea0</td></tr>
<tr>
<td title='testrunner.Logincredentialtestrun.getthetitle()'><b>getthetitle</b><br>Test class: testrunner.Logincredentialtestrun</td>
<td><div><pre>org.testng.TestNGException: 
Parameter &apos;node&apos; is required by BeforeTest on method beforeTest but has not been marked @Optional or defined
in C:\Users\sathyamoorthy.p\Eclipse Helios\SAIFramework\testng5.xml
... Removed 21 stack frames</pre></div><a href='#' onClick='toggleBox("stack-trace1397381784", this, "Click to show all stack frames", "Click to hide stack frames")'>Click to show all stack frames</a>
<div class='stack-trace' id='stack-trace1397381784'><pre>org.testng.TestNGException: 
Parameter &apos;node&apos; is required by BeforeTest on method beforeTest but has not been marked @Optional or defined
in C:\Users\sathyamoorthy.p\Eclipse Helios\SAIFramework\testng5.xml
	at org.testng.internal.Parameters.createParams(Parameters.java:289)
	at org.testng.internal.Parameters.createParametersForMethod(Parameters.java:377)
	at org.testng.internal.Parameters.createParameters(Parameters.java:721)
	at org.testng.internal.Parameters.createConfigurationParameters(Parameters.java:164)
	at org.testng.internal.ConfigInvoker.invokeConfigurations(ConfigInvoker.java:275)
	at org.testng.TestRunner.invokeTestConfigurations(TestRunner.java:623)
	at org.testng.TestRunner.beforeRun(TestRunner.java:613)
	at org.testng.TestRunner.run(TestRunner.java:584)
	at org.testng.SuiteRunner.runTest(SuiteRunner.java:402)
	at org.testng.SuiteRunner.runSequentially(SuiteRunner.java:396)
	at org.testng.SuiteRunner.privateRun(SuiteRunner.java:355)
	at org.testng.SuiteRunner.run(SuiteRunner.java:304)
	at org.testng.SuiteRunnerWorker.runSuite(SuiteRunnerWorker.java:53)
	at org.testng.SuiteRunnerWorker.run(SuiteRunnerWorker.java:96)
	at org.testng.TestNG.runSuitesSequentially(TestNG.java:1180)
	at org.testng.TestNG.runSuitesLocally(TestNG.java:1102)
	at org.testng.TestNG.runSuites(TestNG.java:1032)
	at org.testng.TestNG.run(TestNG.java:1000)
	at org.testng.remote.AbstractRemoteTestNG.run(AbstractRemoteTestNG.java:115)
	at org.testng.remote.RemoteTestNG.initAndRun(RemoteTestNG.java:251)
	at org.testng.remote.RemoteTestNG.main(RemoteTestNG.java:77)
</pre></div></td>
<td>0</td>
<td>testrunner.Logincredentialtestrun@4b1c1ea0</td></tr>
<tr>
<td title='testrunner.ParallelTestAtest.method1()'><b>method1</b><br>Test class: testrunner.ParallelTestAtest</td>
<td><div><pre>org.testng.TestNGException: 
Parameter &apos;node&apos; is required by BeforeTest on method beforeTest but has not been marked @Optional or defined
in C:\Users\sathyamoorthy.p\Eclipse Helios\SAIFramework\testng5.xml
... Removed 21 stack frames</pre></div><a href='#' onClick='toggleBox("stack-trace1653986196", this, "Click to show all stack frames", "Click to hide stack frames")'>Click to show all stack frames</a>
<div class='stack-trace' id='stack-trace1653986196'><pre>org.testng.TestNGException: 
Parameter &apos;node&apos; is required by BeforeTest on method beforeTest but has not been marked @Optional or defined
in C:\Users\sathyamoorthy.p\Eclipse Helios\SAIFramework\testng5.xml
	at org.testng.internal.Parameters.createParams(Parameters.java:289)
	at org.testng.internal.Parameters.createParametersForMethod(Parameters.java:377)
	at org.testng.internal.Parameters.createParameters(Parameters.java:721)
	at org.testng.internal.Parameters.createConfigurationParameters(Parameters.java:164)
	at org.testng.internal.ConfigInvoker.invokeConfigurations(ConfigInvoker.java:275)
	at org.testng.TestRunner.invokeTestConfigurations(TestRunner.java:623)
	at org.testng.TestRunner.beforeRun(TestRunner.java:613)
	at org.testng.TestRunner.run(TestRunner.java:584)
	at org.testng.SuiteRunner.runTest(SuiteRunner.java:402)
	at org.testng.SuiteRunner.runSequentially(SuiteRunner.java:396)
	at org.testng.SuiteRunner.privateRun(SuiteRunner.java:355)
	at org.testng.SuiteRunner.run(SuiteRunner.java:304)
	at org.testng.SuiteRunnerWorker.runSuite(SuiteRunnerWorker.java:53)
	at org.testng.SuiteRunnerWorker.run(SuiteRunnerWorker.java:96)
	at org.testng.TestNG.runSuitesSequentially(TestNG.java:1180)
	at org.testng.TestNG.runSuitesLocally(TestNG.java:1102)
	at org.testng.TestNG.runSuites(TestNG.java:1032)
	at org.testng.TestNG.run(TestNG.java:1000)
	at org.testng.remote.AbstractRemoteTestNG.run(AbstractRemoteTestNG.java:115)
	at org.testng.remote.RemoteTestNG.initAndRun(RemoteTestNG.java:251)
	at org.testng.remote.RemoteTestNG.main(RemoteTestNG.java:77)
</pre></div></td>
<td>0</td>
<td>testrunner.ParallelTestAtest@4d41cee</td></tr>
<tr>
<td title='testrunner.Amazongoogletestrun.movetothenextpagecreateaccount()'><b>movetothenextpagecreateaccount</b><br>Test class: testrunner.Amazongoogletestrun<br>Test method: Navigate to the next page create account</td>
<td><div><pre>org.testng.TestNGException: 
Parameter &apos;node&apos; is required by BeforeTest on method beforeTest but has not been marked @Optional or defined
in C:\Users\sathyamoorthy.p\Eclipse Helios\SAIFramework\testng5.xml
... Removed 21 stack frames</pre></div><a href='#' onClick='toggleBox("stack-trace1894369629", this, "Click to show all stack frames", "Click to hide stack frames")'>Click to show all stack frames</a>
<div class='stack-trace' id='stack-trace1894369629'><pre>org.testng.TestNGException: 
Parameter &apos;node&apos; is required by BeforeTest on method beforeTest but has not been marked @Optional or defined
in C:\Users\sathyamoorthy.p\Eclipse Helios\SAIFramework\testng5.xml
	at org.testng.internal.Parameters.createParams(Parameters.java:289)
	at org.testng.internal.Parameters.createParametersForMethod(Parameters.java:377)
	at org.testng.internal.Parameters.createParameters(Parameters.java:721)
	at org.testng.internal.Parameters.createConfigurationParameters(Parameters.java:164)
	at org.testng.internal.ConfigInvoker.invokeConfigurations(ConfigInvoker.java:275)
	at org.testng.TestRunner.invokeTestConfigurations(TestRunner.java:623)
	at org.testng.TestRunner.beforeRun(TestRunner.java:613)
	at org.testng.TestRunner.run(TestRunner.java:584)
	at org.testng.SuiteRunner.runTest(SuiteRunner.java:402)
	at org.testng.SuiteRunner.runSequentially(SuiteRunner.java:396)
	at org.testng.SuiteRunner.privateRun(SuiteRunner.java:355)
	at org.testng.SuiteRunner.run(SuiteRunner.java:304)
	at org.testng.SuiteRunnerWorker.runSuite(SuiteRunnerWorker.java:53)
	at org.testng.SuiteRunnerWorker.run(SuiteRunnerWorker.java:96)
	at org.testng.TestNG.runSuitesSequentially(TestNG.java:1180)
	at org.testng.TestNG.runSuitesLocally(TestNG.java:1102)
	at org.testng.TestNG.runSuites(TestNG.java:1032)
	at org.testng.TestNG.run(TestNG.java:1000)
	at org.testng.remote.AbstractRemoteTestNG.run(AbstractRemoteTestNG.java:115)
	at org.testng.remote.RemoteTestNG.initAndRun(RemoteTestNG.java:251)
	at org.testng.remote.RemoteTestNG.main(RemoteTestNG.java:77)
</pre></div></td>
<td>0</td>
<td>testrunner.Amazongoogletestrun@17579e0f</td></tr>
<tr>
<td title='testrunner.Logintestrun.naviagate()'><b>naviagate</b><br>Test class: testrunner.Logintestrun<br>Test method: Navigate to next page</td>
<td><div><pre>org.testng.TestNGException: 
Parameter &apos;node&apos; is required by BeforeTest on method beforeTest but has not been marked @Optional or defined
in C:\Users\sathyamoorthy.p\Eclipse Helios\SAIFramework\testng5.xml
... Removed 21 stack frames</pre></div><a href='#' onClick='toggleBox("stack-trace1349182676", this, "Click to show all stack frames", "Click to hide stack frames")'>Click to show all stack frames</a>
<div class='stack-trace' id='stack-trace1349182676'><pre>org.testng.TestNGException: 
Parameter &apos;node&apos; is required by BeforeTest on method beforeTest but has not been marked @Optional or defined
in C:\Users\sathyamoorthy.p\Eclipse Helios\SAIFramework\testng5.xml
	at org.testng.internal.Parameters.createParams(Parameters.java:289)
	at org.testng.internal.Parameters.createParametersForMethod(Parameters.java:377)
	at org.testng.internal.Parameters.createParameters(Parameters.java:721)
	at org.testng.internal.Parameters.createConfigurationParameters(Parameters.java:164)
	at org.testng.internal.ConfigInvoker.invokeConfigurations(ConfigInvoker.java:275)
	at org.testng.TestRunner.invokeTestConfigurations(TestRunner.java:623)
	at org.testng.TestRunner.beforeRun(TestRunner.java:613)
	at org.testng.TestRunner.run(TestRunner.java:584)
	at org.testng.SuiteRunner.runTest(SuiteRunner.java:402)
	at org.testng.SuiteRunner.runSequentially(SuiteRunner.java:396)
	at org.testng.SuiteRunner.privateRun(SuiteRunner.java:355)
	at org.testng.SuiteRunner.run(SuiteRunner.java:304)
	at org.testng.SuiteRunnerWorker.runSuite(SuiteRunnerWorker.java:53)
	at org.testng.SuiteRunnerWorker.run(SuiteRunnerWorker.java:96)
	at org.testng.TestNG.runSuitesSequentially(TestNG.java:1180)
	at org.testng.TestNG.runSuitesLocally(TestNG.java:1102)
	at org.testng.TestNG.runSuites(TestNG.java:1032)
	at org.testng.TestNG.run(TestNG.java:1000)
	at org.testng.remote.AbstractRemoteTestNG.run(AbstractRemoteTestNG.java:115)
	at org.testng.remote.RemoteTestNG.initAndRun(RemoteTestNG.java:251)
	at org.testng.remote.RemoteTestNG.main(RemoteTestNG.java:77)
</pre></div></td>
<td>0</td>
<td>testrunner.Logintestrun@6acdbdf5</td></tr>
<tr>
<td title='testrunner.Amazongoogletestrun.signinbuttonclick()'><b>signinbuttonclick</b><br>Test class: testrunner.Amazongoogletestrun<br>Test method: click the signin button</td>
<td><div><pre>org.testng.TestNGException: 
Parameter &apos;node&apos; is required by BeforeTest on method beforeTest but has not been marked @Optional or defined
in C:\Users\sathyamoorthy.p\Eclipse Helios\SAIFramework\testng5.xml
... Removed 21 stack frames</pre></div><a href='#' onClick='toggleBox("stack-trace775514090", this, "Click to show all stack frames", "Click to hide stack frames")'>Click to show all stack frames</a>
<div class='stack-trace' id='stack-trace775514090'><pre>org.testng.TestNGException: 
Parameter &apos;node&apos; is required by BeforeTest on method beforeTest but has not been marked @Optional or defined
in C:\Users\sathyamoorthy.p\Eclipse Helios\SAIFramework\testng5.xml
	at org.testng.internal.Parameters.createParams(Parameters.java:289)
	at org.testng.internal.Parameters.createParametersForMethod(Parameters.java:377)
	at org.testng.internal.Parameters.createParameters(Parameters.java:721)
	at org.testng.internal.Parameters.createConfigurationParameters(Parameters.java:164)
	at org.testng.internal.ConfigInvoker.invokeConfigurations(ConfigInvoker.java:275)
	at org.testng.TestRunner.invokeTestConfigurations(TestRunner.java:623)
	at org.testng.TestRunner.beforeRun(TestRunner.java:613)
	at org.testng.TestRunner.run(TestRunner.java:584)
	at org.testng.SuiteRunner.runTest(SuiteRunner.java:402)
	at org.testng.SuiteRunner.runSequentially(SuiteRunner.java:396)
	at org.testng.SuiteRunner.privateRun(SuiteRunner.java:355)
	at org.testng.SuiteRunner.run(SuiteRunner.java:304)
	at org.testng.SuiteRunnerWorker.runSuite(SuiteRunnerWorker.java:53)
	at org.testng.SuiteRunnerWorker.run(SuiteRunnerWorker.java:96)
	at org.testng.TestNG.runSuitesSequentially(TestNG.java:1180)
	at org.testng.TestNG.runSuitesLocally(TestNG.java:1102)
	at org.testng.TestNG.runSuites(TestNG.java:1032)
	at org.testng.TestNG.run(TestNG.java:1000)
	at org.testng.remote.AbstractRemoteTestNG.run(AbstractRemoteTestNG.java:115)
	at org.testng.remote.RemoteTestNG.initAndRun(RemoteTestNG.java:251)
	at org.testng.remote.RemoteTestNG.main(RemoteTestNG.java:77)
</pre></div></td>
<td>0</td>
<td>testrunner.Amazongoogletestrun@17579e0f</td></tr>
<tr>
<td title='pageobjects.ParallelTestB.testGooglePageTitleInChrome()'><b>testGooglePageTitleInChrome</b><br>Test class: pageobjects.ParallelTestB</td>
<td><div><pre>org.testng.TestNGException: 
Parameter &apos;node&apos; is required by BeforeTest on method beforeTest but has not been marked @Optional or defined
in C:\Users\sathyamoorthy.p\Eclipse Helios\SAIFramework\testng5.xml
... Removed 21 stack frames</pre></div><a href='#' onClick='toggleBox("stack-trace63001505", this, "Click to show all stack frames", "Click to hide stack frames")'>Click to show all stack frames</a>
<div class='stack-trace' id='stack-trace63001505'><pre>org.testng.TestNGException: 
Parameter &apos;node&apos; is required by BeforeTest on method beforeTest but has not been marked @Optional or defined
in C:\Users\sathyamoorthy.p\Eclipse Helios\SAIFramework\testng5.xml
	at org.testng.internal.Parameters.createParams(Parameters.java:289)
	at org.testng.internal.Parameters.createParametersForMethod(Parameters.java:377)
	at org.testng.internal.Parameters.createParameters(Parameters.java:721)
	at org.testng.internal.Parameters.createConfigurationParameters(Parameters.java:164)
	at org.testng.internal.ConfigInvoker.invokeConfigurations(ConfigInvoker.java:275)
	at org.testng.TestRunner.invokeTestConfigurations(TestRunner.java:623)
	at org.testng.TestRunner.beforeRun(TestRunner.java:613)
	at org.testng.TestRunner.run(TestRunner.java:584)
	at org.testng.SuiteRunner.runTest(SuiteRunner.java:402)
	at org.testng.SuiteRunner.runSequentially(SuiteRunner.java:396)
	at org.testng.SuiteRunner.privateRun(SuiteRunner.java:355)
	at org.testng.SuiteRunner.run(SuiteRunner.java:304)
	at org.testng.SuiteRunnerWorker.runSuite(SuiteRunnerWorker.java:53)
	at org.testng.SuiteRunnerWorker.run(SuiteRunnerWorker.java:96)
	at org.testng.TestNG.runSuitesSequentially(TestNG.java:1180)
	at org.testng.TestNG.runSuitesLocally(TestNG.java:1102)
	at org.testng.TestNG.runSuites(TestNG.java:1032)
	at org.testng.TestNG.run(TestNG.java:1000)
	at org.testng.remote.AbstractRemoteTestNG.run(AbstractRemoteTestNG.java:115)
	at org.testng.remote.RemoteTestNG.initAndRun(RemoteTestNG.java:251)
	at org.testng.remote.RemoteTestNG.main(RemoteTestNG.java:77)
</pre></div></td>
<td>0</td>
<td>pageobjects.ParallelTestB@3712b94</td></tr>
<tr>
<td title='pageobjects.ParallelTestA1.testGooglePageTitleInFirefox()'><b>testGooglePageTitleInFirefox</b><br>Test class: pageobjects.ParallelTestA1</td>
<td><div><pre>org.testng.TestNGException: 
Parameter &apos;node&apos; is required by BeforeTest on method beforeTest but has not been marked @Optional or defined
in C:\Users\sathyamoorthy.p\Eclipse Helios\SAIFramework\testng5.xml
... Removed 21 stack frames</pre></div><a href='#' onClick='toggleBox("stack-trace1043351526", this, "Click to show all stack frames", "Click to hide stack frames")'>Click to show all stack frames</a>
<div class='stack-trace' id='stack-trace1043351526'><pre>org.testng.TestNGException: 
Parameter &apos;node&apos; is required by BeforeTest on method beforeTest but has not been marked @Optional or defined
in C:\Users\sathyamoorthy.p\Eclipse Helios\SAIFramework\testng5.xml
	at org.testng.internal.Parameters.createParams(Parameters.java:289)
	at org.testng.internal.Parameters.createParametersForMethod(Parameters.java:377)
	at org.testng.internal.Parameters.createParameters(Parameters.java:721)
	at org.testng.internal.Parameters.createConfigurationParameters(Parameters.java:164)
	at org.testng.internal.ConfigInvoker.invokeConfigurations(ConfigInvoker.java:275)
	at org.testng.TestRunner.invokeTestConfigurations(TestRunner.java:623)
	at org.testng.TestRunner.beforeRun(TestRunner.java:613)
	at org.testng.TestRunner.run(TestRunner.java:584)
	at org.testng.SuiteRunner.runTest(SuiteRunner.java:402)
	at org.testng.SuiteRunner.runSequentially(SuiteRunner.java:396)
	at org.testng.SuiteRunner.privateRun(SuiteRunner.java:355)
	at org.testng.SuiteRunner.run(SuiteRunner.java:304)
	at org.testng.SuiteRunnerWorker.runSuite(SuiteRunnerWorker.java:53)
	at org.testng.SuiteRunnerWorker.run(SuiteRunnerWorker.java:96)
	at org.testng.TestNG.runSuitesSequentially(TestNG.java:1180)
	at org.testng.TestNG.runSuitesLocally(TestNG.java:1102)
	at org.testng.TestNG.runSuites(TestNG.java:1032)
	at org.testng.TestNG.run(TestNG.java:1000)
	at org.testng.remote.AbstractRemoteTestNG.run(AbstractRemoteTestNG.java:115)
	at org.testng.remote.RemoteTestNG.initAndRun(RemoteTestNG.java:251)
	at org.testng.remote.RemoteTestNG.main(RemoteTestNG.java:77)
</pre></div></td>
<td>0</td>
<td>pageobjects.ParallelTestA1@1786dec2</td></tr>
<tr>
<td title='pageobjects.GridExampleTest.testGooglePageTitleInIEBrowser()'><b>testGooglePageTitleInIEBrowser</b><br>Test class: pageobjects.GridExampleTest</td>
<td><div><pre>org.testng.TestNGException: 
Parameter &apos;node&apos; is required by BeforeTest on method beforeTest but has not been marked @Optional or defined
in C:\Users\sathyamoorthy.p\Eclipse Helios\SAIFramework\testng5.xml
... Removed 21 stack frames</pre></div><a href='#' onClick='toggleBox("stack-trace1572098393", this, "Click to show all stack frames", "Click to hide stack frames")'>Click to show all stack frames</a>
<div class='stack-trace' id='stack-trace1572098393'><pre>org.testng.TestNGException: 
Parameter &apos;node&apos; is required by BeforeTest on method beforeTest but has not been marked @Optional or defined
in C:\Users\sathyamoorthy.p\Eclipse Helios\SAIFramework\testng5.xml
	at org.testng.internal.Parameters.createParams(Parameters.java:289)
	at org.testng.internal.Parameters.createParametersForMethod(Parameters.java:377)
	at org.testng.internal.Parameters.createParameters(Parameters.java:721)
	at org.testng.internal.Parameters.createConfigurationParameters(Parameters.java:164)
	at org.testng.internal.ConfigInvoker.invokeConfigurations(ConfigInvoker.java:275)
	at org.testng.TestRunner.invokeTestConfigurations(TestRunner.java:623)
	at org.testng.TestRunner.beforeRun(TestRunner.java:613)
	at org.testng.TestRunner.run(TestRunner.java:584)
	at org.testng.SuiteRunner.runTest(SuiteRunner.java:402)
	at org.testng.SuiteRunner.runSequentially(SuiteRunner.java:396)
	at org.testng.SuiteRunner.privateRun(SuiteRunner.java:355)
	at org.testng.SuiteRunner.run(SuiteRunner.java:304)
	at org.testng.SuiteRunnerWorker.runSuite(SuiteRunnerWorker.java:53)
	at org.testng.SuiteRunnerWorker.run(SuiteRunnerWorker.java:96)
	at org.testng.TestNG.runSuitesSequentially(TestNG.java:1180)
	at org.testng.TestNG.runSuitesLocally(TestNG.java:1102)
	at org.testng.TestNG.runSuites(TestNG.java:1032)
	at org.testng.TestNG.run(TestNG.java:1000)
	at org.testng.remote.AbstractRemoteTestNG.run(AbstractRemoteTestNG.java:115)
	at org.testng.remote.RemoteTestNG.initAndRun(RemoteTestNG.java:251)
	at org.testng.remote.RemoteTestNG.main(RemoteTestNG.java:77)
</pre></div></td>
<td>0</td>
<td>pageobjects.GridExampleTest@15d0c81b</td></tr>
<tr>
<td title='testrunner.Amazongoogletestrun.verifyfirstline()'><b>verifyfirstline</b><br>Test class: testrunner.Amazongoogletestrun<br>Test method: verify the textingline present</td>
<td><div><pre>org.testng.TestNGException: 
Parameter &apos;node&apos; is required by BeforeTest on method beforeTest but has not been marked @Optional or defined
in C:\Users\sathyamoorthy.p\Eclipse Helios\SAIFramework\testng5.xml
... Removed 21 stack frames</pre></div><a href='#' onClick='toggleBox("stack-trace1565740893", this, "Click to show all stack frames", "Click to hide stack frames")'>Click to show all stack frames</a>
<div class='stack-trace' id='stack-trace1565740893'><pre>org.testng.TestNGException: 
Parameter &apos;node&apos; is required by BeforeTest on method beforeTest but has not been marked @Optional or defined
in C:\Users\sathyamoorthy.p\Eclipse Helios\SAIFramework\testng5.xml
	at org.testng.internal.Parameters.createParams(Parameters.java:289)
	at org.testng.internal.Parameters.createParametersForMethod(Parameters.java:377)
	at org.testng.internal.Parameters.createParameters(Parameters.java:721)
	at org.testng.internal.Parameters.createConfigurationParameters(Parameters.java:164)
	at org.testng.internal.ConfigInvoker.invokeConfigurations(ConfigInvoker.java:275)
	at org.testng.TestRunner.invokeTestConfigurations(TestRunner.java:623)
	at org.testng.TestRunner.beforeRun(TestRunner.java:613)
	at org.testng.TestRunner.run(TestRunner.java:584)
	at org.testng.SuiteRunner.runTest(SuiteRunner.java:402)
	at org.testng.SuiteRunner.runSequentially(SuiteRunner.java:396)
	at org.testng.SuiteRunner.privateRun(SuiteRunner.java:355)
	at org.testng.SuiteRunner.run(SuiteRunner.java:304)
	at org.testng.SuiteRunnerWorker.runSuite(SuiteRunnerWorker.java:53)
	at org.testng.SuiteRunnerWorker.run(SuiteRunnerWorker.java:96)
	at org.testng.TestNG.runSuitesSequentially(TestNG.java:1180)
	at org.testng.TestNG.runSuitesLocally(TestNG.java:1102)
	at org.testng.TestNG.runSuites(TestNG.java:1032)
	at org.testng.TestNG.run(TestNG.java:1000)
	at org.testng.remote.AbstractRemoteTestNG.run(AbstractRemoteTestNG.java:115)
	at org.testng.remote.RemoteTestNG.initAndRun(RemoteTestNG.java:251)
	at org.testng.remote.RemoteTestNG.main(RemoteTestNG.java:77)
</pre></div></td>
<td>0</td>
<td>testrunner.Amazongoogletestrun@17579e0f</td></tr>
</table><p>
</body>
</html>