<?xml version="1.0" encoding="UTF-8"?>
<!-- Generated by org.testng.reporters.JUnitXMLReporter -->
<testsuite hostname="LE000539" ignored="9" name="Test" tests="14" failures="1" timestamp="2020-02-20T11:50:08 IST" time="1.724" errors="0">
  <testcase name="@BeforeTest beforeTest" time="-1.582179607285E9" classname="pageobjects.HubNodeTest">
    <failure type="org.testng.TestNGException" message="
Parameter &amp;apos;node&amp;apos; is required by BeforeTest on method beforeTest but has not been marked @Optional or defined
in C:\Users\sathyamoorthy.p\Eclipse Helios\SAIFramework\testng5.xml">
      <![CDATA[org.testng.TestNGException: 
Parameter 'node' is required by BeforeTest on method beforeTest but has not been marked @Optional or defined
in C:\Users\sathyamoorthy.p\Eclipse Helios\SAIFramework\testng5.xml
... Removed 21 stack frames]]>
    </failure>
  </testcase> <!-- @BeforeTest beforeTest -->
  <testcase name="@BeforeClass setUp" time="-1.582179607358E9" classname="pageobjects.ParallelTestB">
    <skipped/>
  </testcase> <!-- @BeforeClass setUp -->
  <testcase name="@BeforeClass setUp" time="-1.582179607365E9" classname="pageobjects.ParallelTestA1">
    <skipped/>
  </testcase> <!-- @BeforeClass setUp -->
  <testcase name="@BeforeClass setUp" time="-1.582179607378E9" classname="pageobjects.GridExampleTest">
    <skipped/>
  </testcase> <!-- @BeforeClass setUp -->
  <testcase name="@AfterClass closeBrowser" time="-1.582179607393E9" classname="pageobjects.GridExampleTest">
    <skipped/>
  </testcase> <!-- @AfterClass closeBrowser -->
  <testcase name="@AfterTest afterTest" time="-1.58217960882E9" classname="pageobjects.HubNodeTest">
    <skipped/>
  </testcase> <!-- @AfterTest afterTest -->
  <testcase name="method1" time="0.0" classname="testrunner.ParallelTestAtest">
    <skipped/>
  </testcase> <!-- method1 -->
  <testcase name="testGooglePageTitleInChrome" time="0.0" classname="pageobjects.ParallelTestB">
    <skipped/>
  </testcase> <!-- testGooglePageTitleInChrome -->
  <testcase name="testGooglePageTitleInFirefox" time="0.0" classname="pageobjects.ParallelTestA1">
    <skipped/>
  </testcase> <!-- testGooglePageTitleInFirefox -->
  <testcase name="testGooglePageTitleInIEBrowser" time="0.0" classname="pageobjects.GridExampleTest">
    <skipped/>
  </testcase> <!-- testGooglePageTitleInIEBrowser -->
  <testcase name="Testing" time="0.0" classname="testrunner.Logintestrun">
    <skipped/>
  </testcase> <!-- Testing -->
  <testcase name="naviagate" time="0.0" classname="testrunner.Logintestrun">
    <skipped/>
  </testcase> <!-- naviagate -->
  <testcase name="amazonregtitleverify" time="0.0" classname="testrunner.Logincredentialtestrun">
    <skipped/>
  </testcase> <!-- amazonregtitleverify -->
  <testcase name="enterthename" time="0.0" classname="testrunner.Logincredentialtestrun">
    <skipped/>
  </testcase> <!-- enterthename -->
  <testcase name="dateselection" time="0.0" classname="testrunner.Logincredentialtestrun">
    <skipped/>
  </testcase> <!-- dateselection -->
  <testcase name="getthetitle" time="0.0" classname="testrunner.Logincredentialtestrun">
    <skipped/>
  </testcase> <!-- getthetitle -->
  <testcase name="testValidUsersDemoWebShop" time="0.0" classname="pageobjects.HubNodeTest">
    <failure type="org.testng.TestNGException" message="
Cannot inject @Test annotated Method [testValidUsersDemoWebShop] with [class java.lang.String, class java.lang.String].
For more information on native dependency injection please refer to http://testng.org/doc/documentation-main.html#native-dependency-injection">
      <![CDATA[org.testng.TestNGException: 
Cannot inject @Test annotated Method [testValidUsersDemoWebShop] with [class java.lang.String, class java.lang.String].
For more information on native dependency injection please refer to http://testng.org/doc/documentation-main.html#native-dependency-injection
at java.util.ArrayList.forEach(ArrayList.java:1249)
... Removed 26 stack frames]]>
    </failure>
  </testcase> <!-- testValidUsersDemoWebShop -->
  <testcase name="verifyfirstline" time="0.0" classname="testrunner.Amazongoogletestrun">
    <skipped/>
  </testcase> <!-- verifyfirstline -->
  <testcase name="signinbuttonclick" time="0.0" classname="testrunner.Amazongoogletestrun">
    <skipped/>
  </testcase> <!-- signinbuttonclick -->
  <testcase name="movetothenextpagecreateaccount" time="0.0" classname="testrunner.Amazongoogletestrun">
    <skipped/>
  </testcase> <!-- movetothenextpagecreateaccount -->
  <testcase name="@BeforeTest startTest" time="0.0" classname="basepage.Basetesting">
    <ignored/>
  </testcase> <!-- @BeforeTest startTest -->
  <testcase name="@BeforeTest startTest" time="0.0" classname="basepage.Basetesting">
    <ignored/>
  </testcase> <!-- @BeforeTest startTest -->
  <testcase name="@BeforeTest startTest" time="0.0" classname="basepage.Basetesting">
    <ignored/>
  </testcase> <!-- @BeforeTest startTest -->
  <testcase name="@BeforeTest startTest" time="0.0" classname="basepage.Basetesting">
    <ignored/>
  </testcase> <!-- @BeforeTest startTest -->
  <testcase name="@BeforeTest startTest" time="0.0" classname="basepage.Basetesting">
    <ignored/>
  </testcase> <!-- @BeforeTest startTest -->
  <testcase name="@BeforeTest startTest" time="0.0" classname="basepage.Basetesting">
    <ignored/>
  </testcase> <!-- @BeforeTest startTest -->
  <testcase name="@BeforeTest startTest" time="0.0" classname="basepage.Basetesting">
    <ignored/>
  </testcase> <!-- @BeforeTest startTest -->
  <testcase name="@BeforeTest startTest" time="0.0" classname="basepage.Basetesting">
    <ignored/>
  </testcase> <!-- @BeforeTest startTest -->
  <testcase name="@BeforeTest startTest" time="0.0" classname="basepage.Basetesting">
    <ignored/>
  </testcase> <!-- @BeforeTest startTest -->
</testsuite> <!-- Test -->
