<?xml version="1.0" encoding="UTF-8"?>
<testng-results skipped="0" failed="4" total="11" passed="7">
  <reporter-output>
    <line>
      <![CDATA[<a href='C:\Users\sathyamoorthy.p\Eclipse Helios\SAIFramework\PASSEDScreenCapturesPNG\.png'> <img src='C:\Users\sathyamoorthy.p\Eclipse Helios\SAIFramework\PASSEDScreenCapturesPNG\.png' height='100' width='100'/> </a>]]>
    </line>
    <line>
      <![CDATA[<a href='C:\Users\sathyamoorthy.p\Eclipse Helios\SAIFramework\PASSEDScreenCapturesPNG\.png'> <img src='C:\Users\sathyamoorthy.p\Eclipse Helios\SAIFramework\PASSEDScreenCapturesPNG\.png' height='100' width='100'/> </a>]]>
    </line>
    <line>
      <![CDATA[<a href='C:\Users\sathyamoorthy.p\Eclipse Helios\SAIFramework\PASSEDScreenCapturesPNG\.png'> <img src='C:\Users\sathyamoorthy.p\Eclipse Helios\SAIFramework\PASSEDScreenCapturesPNG\.png' height='100' width='100'/> </a>]]>
    </line>
    <line>
      <![CDATA[<a href='C:\Users\sathyamoorthy.p\Eclipse Helios\SAIFramework\PASSEDScreenCapturesPNG\.png'> <img src='C:\Users\sathyamoorthy.p\Eclipse Helios\SAIFramework\PASSEDScreenCapturesPNG\.png' height='100' width='100'/> </a>]]>
    </line>
    <line>
      <![CDATA[<a href='C:\Users\sathyamoorthy.p\Eclipse Helios\SAIFramework\PASSEDScreenCapturesPNG\.png'> <img src='C:\Users\sathyamoorthy.p\Eclipse Helios\SAIFramework\PASSEDScreenCapturesPNG\.png' height='100' width='100'/> </a>]]>
    </line>
    <line>
      <![CDATA[<a href='C:\Users\sathyamoorthy.p\Eclipse Helios\SAIFramework\PASSEDScreenCapturesPNG\.png'> <img src='C:\Users\sathyamoorthy.p\Eclipse Helios\SAIFramework\PASSEDScreenCapturesPNG\.png' height='100' width='100'/> </a>]]>
    </line>
    <line>
      <![CDATA[<a href='C:\Users\sathyamoorthy.p\Eclipse Helios\SAIFramework\PASSEDScreenCapturesPNG\.png'> <img src='C:\Users\sathyamoorthy.p\Eclipse Helios\SAIFramework\PASSEDScreenCapturesPNG\.png' height='100' width='100'/> </a>]]>
    </line>
    <line>
      <![CDATA[<a href='C:\Users\sathyamoorthy.p\Eclipse Helios\SAIFramework\PASSEDScreenCapturesPNG\.png'> <img src='C:\Users\sathyamoorthy.p\Eclipse Helios\SAIFramework\PASSEDScreenCapturesPNG\.png' height='100' width='100'/> </a>]]>
    </line>
    <line>
      <![CDATA[<a href='C:\Users\sathyamoorthy.p\Eclipse Helios\SAIFramework\PASSEDScreenCapturesPNG\.png'> <img src='C:\Users\sathyamoorthy.p\Eclipse Helios\SAIFramework\PASSEDScreenCapturesPNG\.png' height='100' width='100'/> </a>]]>
    </line>
    <line>
      <![CDATA[<a href='C:\Users\sathyamoorthy.p\Eclipse Helios\SAIFramework\PASSEDScreenCapturesPNG\.png'> <img src='C:\Users\sathyamoorthy.p\Eclipse Helios\SAIFramework\PASSEDScreenCapturesPNG\.png' height='100' width='100'/> </a>]]>
    </line>
    <line>
      <![CDATA[<a href='C:\Users\sathyamoorthy.p\Eclipse Helios\SAIFramework\PASSEDScreenCapturesPNG\.png'> <img src='C:\Users\sathyamoorthy.p\Eclipse Helios\SAIFramework\PASSEDScreenCapturesPNG\.png' height='100' width='100'/> </a>]]>
    </line>
  </reporter-output>
  <suite name="TestingSuite" duration-ms="127213" started-at="2020-03-13T13:30:16Z" finished-at="2020-03-13T13:32:23Z">
    <groups>
      <group name="Functional testing">
        <method signature="Logintestrun.Testing()[pri:0, instance:testrunner.Logintestrun@35a50a4c]" name="Testing" class="testrunner.Logintestrun"/>
        <method signature="Logintestrun.naviagate(java.lang.String)[pri:0, instance:testrunner.Logintestrun@35a50a4c]" name="naviagate" class="testrunner.Logintestrun"/>
        <method signature="Amazongoogletestrun.movetothenextpagecreateaccount()[pri:0, instance:testrunner.Amazongoogletestrun@2698dc7]" name="movetothenextpagecreateaccount" class="testrunner.Amazongoogletestrun"/>
        <method signature="Amazongoogletestrun.signinbuttonclick()[pri:0, instance:testrunner.Amazongoogletestrun@2698dc7]" name="signinbuttonclick" class="testrunner.Amazongoogletestrun"/>
        <method signature="Amazongoogletestrun.verifyfirstlineee()[pri:0, instance:testrunner.Amazongoogletestrun@2698dc7]" name="verifyfirstlineee" class="testrunner.Amazongoogletestrun"/>
        <method signature="Logincredentialtestrun.amazonregtitleverify()[pri:0, instance:testrunner.Logincredentialtestrun@1e4a7dd4]" name="amazonregtitleverify" class="testrunner.Logincredentialtestrun"/>
        <method signature="Logincredentialtestrun.dateselection()[pri:0, instance:testrunner.Logincredentialtestrun@1e4a7dd4]" name="dateselection" class="testrunner.Logincredentialtestrun"/>
        <method signature="Logincredentialtestrun.enterthename(java.lang.String, java.lang.String, java.lang.String)[pri:0, instance:testrunner.Logincredentialtestrun@1e4a7dd4]" name="enterthename" class="testrunner.Logincredentialtestrun"/>
        <method signature="Logincredentialtestrun.getthetitle()[pri:0, instance:testrunner.Logincredentialtestrun@1e4a7dd4]" name="getthetitle" class="testrunner.Logincredentialtestrun"/>
      </group> <!-- Functional testing -->
      <group name="Smoke testing">
        <method signature="Logintestrun.Testing()[pri:0, instance:testrunner.Logintestrun@35a50a4c]" name="Testing" class="testrunner.Logintestrun"/>
        <method signature="Logintestrun.naviagate(java.lang.String)[pri:0, instance:testrunner.Logintestrun@35a50a4c]" name="naviagate" class="testrunner.Logintestrun"/>
        <method signature="Amazongoogletestrun.movetothenextpagecreateaccount()[pri:0, instance:testrunner.Amazongoogletestrun@2698dc7]" name="movetothenextpagecreateaccount" class="testrunner.Amazongoogletestrun"/>
        <method signature="Amazongoogletestrun.signinbuttonclick()[pri:0, instance:testrunner.Amazongoogletestrun@2698dc7]" name="signinbuttonclick" class="testrunner.Amazongoogletestrun"/>
        <method signature="Amazongoogletestrun.verifyfirstlineee()[pri:0, instance:testrunner.Amazongoogletestrun@2698dc7]" name="verifyfirstlineee" class="testrunner.Amazongoogletestrun"/>
        <method signature="Logincredentialtestrun.amazonregtitleverify()[pri:0, instance:testrunner.Logincredentialtestrun@1e4a7dd4]" name="amazonregtitleverify" class="testrunner.Logincredentialtestrun"/>
        <method signature="Logincredentialtestrun.dateselection()[pri:0, instance:testrunner.Logincredentialtestrun@1e4a7dd4]" name="dateselection" class="testrunner.Logincredentialtestrun"/>
        <method signature="Logincredentialtestrun.enterthename(java.lang.String, java.lang.String, java.lang.String)[pri:0, instance:testrunner.Logincredentialtestrun@1e4a7dd4]" name="enterthename" class="testrunner.Logincredentialtestrun"/>
        <method signature="Logincredentialtestrun.getthetitle()[pri:0, instance:testrunner.Logincredentialtestrun@1e4a7dd4]" name="getthetitle" class="testrunner.Logincredentialtestrun"/>
      </group> <!-- Smoke testing -->
      <group name="Regression testing">
        <method signature="Logintestrun.Testing()[pri:0, instance:testrunner.Logintestrun@35a50a4c]" name="Testing" class="testrunner.Logintestrun"/>
        <method signature="Logintestrun.naviagate(java.lang.String)[pri:0, instance:testrunner.Logintestrun@35a50a4c]" name="naviagate" class="testrunner.Logintestrun"/>
        <method signature="Amazongoogletestrun.movetothenextpagecreateaccount()[pri:0, instance:testrunner.Amazongoogletestrun@2698dc7]" name="movetothenextpagecreateaccount" class="testrunner.Amazongoogletestrun"/>
        <method signature="Amazongoogletestrun.signinbuttonclick()[pri:0, instance:testrunner.Amazongoogletestrun@2698dc7]" name="signinbuttonclick" class="testrunner.Amazongoogletestrun"/>
        <method signature="Amazongoogletestrun.verifyfirstlineee()[pri:0, instance:testrunner.Amazongoogletestrun@2698dc7]" name="verifyfirstlineee" class="testrunner.Amazongoogletestrun"/>
        <method signature="Logincredentialtestrun.amazonregtitleverify()[pri:0, instance:testrunner.Logincredentialtestrun@1e4a7dd4]" name="amazonregtitleverify" class="testrunner.Logincredentialtestrun"/>
      </group> <!-- Regression testing -->
    </groups>
    <test name="Logintest" duration-ms="45568" started-at="2020-03-13T13:30:16Z" finished-at="2020-03-13T13:31:01Z">
      <class name="testrunner.Logintestrun">
        <test-method status="PASS" signature="Testing()[pri:0, instance:testrunner.Logintestrun@35a50a4c]" name="Testing" duration-ms="19374" started-at="2020-03-13T19:00:16Z" description="Title verify" finished-at="2020-03-13T19:00:35Z">
          <reporter-output>
            <line>
              <![CDATA[<a href='C:\Users\sathyamoorthy.p\Eclipse Helios\SAIFramework\PASSEDScreenCapturesPNG\.png'> <img src='C:\Users\sathyamoorthy.p\Eclipse Helios\SAIFramework\PASSEDScreenCapturesPNG\.png' height='100' width='100'/> </a>]]>
            </line>
          </reporter-output>
        </test-method> <!-- Testing -->
        <test-method status="PASS" signature="naviagate(java.lang.String)[pri:0, instance:testrunner.Logintestrun@35a50a4c]" name="naviagate" duration-ms="6155" started-at="2020-03-13T19:00:47Z" description="Navigate to next page" data-provider="Fruitnames" finished-at="2020-03-13T19:00:53Z">
          <params>
            <param index="0">
              <value>
                <![CDATA[apple]]>
              </value>
            </param>
          </params>
          <reporter-output>
            <line>
              <![CDATA[<a href='C:\Users\sathyamoorthy.p\Eclipse Helios\SAIFramework\PASSEDScreenCapturesPNG\.png'> <img src='C:\Users\sathyamoorthy.p\Eclipse Helios\SAIFramework\PASSEDScreenCapturesPNG\.png' height='100' width='100'/> </a>]]>
            </line>
          </reporter-output>
        </test-method> <!-- naviagate -->
      </class> <!-- testrunner.Logintestrun -->
    </test> <!-- Logintest -->
    <test name="Amazongoogletest" duration-ms="60664" started-at="2020-03-13T13:31:01Z" finished-at="2020-03-13T13:32:02Z">
      <class name="testrunner.Amazongoogletestrun">
        <test-method status="FAIL" signature="verifyfirstlineee()[pri:0, instance:testrunner.Amazongoogletestrun@2698dc7]" name="verifyfirstlineee" duration-ms="10093" started-at="2020-03-13T19:01:01Z" description="verify the textingline present" finished-at="2020-03-13T19:01:12Z">
          <exception class="org.openqa.selenium.NoSuchElementException">
            <message>
              <![CDATA[Unable to locate element: /html/body/div[1]/div[4]/div/div[1]/div/div[2]/div[1]/div[1]
For documentation on this error, please visit: https://www.seleniumhq.org/exceptions/no_such_element.html
Build info: version: '3.141.59', revision: 'e82be7d358', time: '2018-11-14T08:25:48'
System info: host: 'LE000539', ip: '172.25.11.66', os.name: 'Windows 10', os.arch: 'amd64', os.version: '10.0', java.version: '1.8.0_111'
Driver info: org.openqa.selenium.firefox.FirefoxDriver
Capabilities {acceptInsecureCerts: true, browserName: firefox, browserVersion: 74.0, javascriptEnabled: true, moz:accessibilityChecks: false, moz:buildID: 20200309095159, moz:geckodriverVersion: 0.26.0, moz:headless: false, moz:processID: 18664, moz:profile: C:\Users\sathyamoorthy.p\Ap..., moz:shutdownTimeout: 60000, moz:useNonSpecCompliantPointerOrigin: false, moz:webdriverClick: true, pageLoadStrategy: normal, platform: WINDOWS, platformName: WINDOWS, platformVersion: 10.0, rotatable: false, setWindowRect: true, strictFileInteractability: false, timeouts: {implicit: 0, pageLoad: 300000, script: 30000}, unhandledPromptBehavior: dismiss and notify}
Session ID: e2e0fd47-d4d9-45c0-a243-c705e558cf3a
*** Element info: {Using=xpath, value=/html/body/div[1]/div[4]/div/div[1]/div/div[2]/div[1]/div[1]}]]>
            </message>
            <full-stacktrace>
              <![CDATA[org.openqa.selenium.NoSuchElementException: Unable to locate element: /html/body/div[1]/div[4]/div/div[1]/div/div[2]/div[1]/div[1]
For documentation on this error, please visit: https://www.seleniumhq.org/exceptions/no_such_element.html
Build info: version: '3.141.59', revision: 'e82be7d358', time: '2018-11-14T08:25:48'
System info: host: 'LE000539', ip: '172.25.11.66', os.name: 'Windows 10', os.arch: 'amd64', os.version: '10.0', java.version: '1.8.0_111'
Driver info: org.openqa.selenium.firefox.FirefoxDriver
Capabilities {acceptInsecureCerts: true, browserName: firefox, browserVersion: 74.0, javascriptEnabled: true, moz:accessibilityChecks: false, moz:buildID: 20200309095159, moz:geckodriverVersion: 0.26.0, moz:headless: false, moz:processID: 18664, moz:profile: C:\Users\sathyamoorthy.p\Ap..., moz:shutdownTimeout: 60000, moz:useNonSpecCompliantPointerOrigin: false, moz:webdriverClick: true, pageLoadStrategy: normal, platform: WINDOWS, platformName: WINDOWS, platformVersion: 10.0, rotatable: false, setWindowRect: true, strictFileInteractability: false, timeouts: {implicit: 0, pageLoad: 300000, script: 30000}, unhandledPromptBehavior: dismiss and notify}
Session ID: e2e0fd47-d4d9-45c0-a243-c705e558cf3a
*** Element info: {Using=xpath, value=/html/body/div[1]/div[4]/div/div[1]/div/div[2]/div[1]/div[1]}
	at sun.reflect.NativeConstructorAccessorImpl.newInstance0(Native Method)
	at sun.reflect.NativeConstructorAccessorImpl.newInstance(NativeConstructorAccessorImpl.java:62)
	at sun.reflect.DelegatingConstructorAccessorImpl.newInstance(DelegatingConstructorAccessorImpl.java:45)
	at java.lang.reflect.Constructor.newInstance(Constructor.java:423)
	at org.openqa.selenium.remote.http.W3CHttpResponseCodec.createException(W3CHttpResponseCodec.java:187)
	at org.openqa.selenium.remote.http.W3CHttpResponseCodec.decode(W3CHttpResponseCodec.java:122)
	at org.openqa.selenium.remote.http.W3CHttpResponseCodec.decode(W3CHttpResponseCodec.java:49)
	at org.openqa.selenium.remote.HttpCommandExecutor.execute(HttpCommandExecutor.java:158)
	at org.openqa.selenium.remote.service.DriverCommandExecutor.execute(DriverCommandExecutor.java:83)
	at org.openqa.selenium.remote.RemoteWebDriver.execute(RemoteWebDriver.java:552)
	at org.openqa.selenium.remote.RemoteWebDriver.findElement(RemoteWebDriver.java:323)
	at org.openqa.selenium.remote.RemoteWebDriver.findElementByXPath(RemoteWebDriver.java:428)
	at org.openqa.selenium.By$ByXPath.findElement(By.java:353)
	at org.openqa.selenium.remote.RemoteWebDriver.findElement(RemoteWebDriver.java:315)
	at pageobjects.Amazonanotherpage.verify_first_texting(Amazonanotherpage.java:30)
	at testrunner.Amazongoogletestrun.verifyfirstlineee(Amazongoogletestrun.java:27)
	at sun.reflect.NativeMethodAccessorImpl.invoke0(Native Method)
	at sun.reflect.NativeMethodAccessorImpl.invoke(NativeMethodAccessorImpl.java:62)
	at sun.reflect.DelegatingMethodAccessorImpl.invoke(DelegatingMethodAccessorImpl.java:43)
	at java.lang.reflect.Method.invoke(Method.java:498)
	at org.testng.internal.MethodInvocationHelper.invokeMethod(MethodInvocationHelper.java:84)
	at org.testng.internal.Invoker.invokeMethod(Invoker.java:714)
	at org.testng.internal.Invoker.invokeTestMethod(Invoker.java:901)
	at org.testng.internal.Invoker.invokeTestMethods(Invoker.java:1231)
	at org.testng.internal.TestMethodWorker.invokeTestMethods(TestMethodWorker.java:127)
	at org.testng.internal.TestMethodWorker.run(TestMethodWorker.java:111)
	at java.util.concurrent.ThreadPoolExecutor.runWorker(ThreadPoolExecutor.java:1142)
	at java.util.concurrent.ThreadPoolExecutor$Worker.run(ThreadPoolExecutor.java:617)
	at java.lang.Thread.run(Thread.java:745)
]]>
            </full-stacktrace>
          </exception> <!-- org.openqa.selenium.NoSuchElementException -->
          <reporter-output>
            <line>
              <![CDATA[<a href='C:\Users\sathyamoorthy.p\Eclipse Helios\SAIFramework\PASSEDScreenCapturesPNG\.png'> <img src='C:\Users\sathyamoorthy.p\Eclipse Helios\SAIFramework\PASSEDScreenCapturesPNG\.png' height='100' width='100'/> </a>]]>
            </line>
          </reporter-output>
        </test-method> <!-- verifyfirstlineee -->
        <test-method status="FAIL" signature="verifyfirstlineee()[pri:0, instance:testrunner.Amazongoogletestrun@2698dc7]" name="verifyfirstlineee" duration-ms="10032" started-at="2020-03-13T19:01:19Z" description="verify the textingline present" finished-at="2020-03-13T19:01:29Z">
          <exception class="org.openqa.selenium.NoSuchElementException">
            <message>
              <![CDATA[Unable to locate element: /html/body/div[1]/div[4]/div/div[1]/div/div[2]/div[1]/div[1]
For documentation on this error, please visit: https://www.seleniumhq.org/exceptions/no_such_element.html
Build info: version: '3.141.59', revision: 'e82be7d358', time: '2018-11-14T08:25:48'
System info: host: 'LE000539', ip: '172.25.11.66', os.name: 'Windows 10', os.arch: 'amd64', os.version: '10.0', java.version: '1.8.0_111'
Driver info: org.openqa.selenium.firefox.FirefoxDriver
Capabilities {acceptInsecureCerts: true, browserName: firefox, browserVersion: 74.0, javascriptEnabled: true, moz:accessibilityChecks: false, moz:buildID: 20200309095159, moz:geckodriverVersion: 0.26.0, moz:headless: false, moz:processID: 18664, moz:profile: C:\Users\sathyamoorthy.p\Ap..., moz:shutdownTimeout: 60000, moz:useNonSpecCompliantPointerOrigin: false, moz:webdriverClick: true, pageLoadStrategy: normal, platform: WINDOWS, platformName: WINDOWS, platformVersion: 10.0, rotatable: false, setWindowRect: true, strictFileInteractability: false, timeouts: {implicit: 0, pageLoad: 300000, script: 30000}, unhandledPromptBehavior: dismiss and notify}
Session ID: e2e0fd47-d4d9-45c0-a243-c705e558cf3a
*** Element info: {Using=xpath, value=/html/body/div[1]/div[4]/div/div[1]/div/div[2]/div[1]/div[1]}]]>
            </message>
            <full-stacktrace>
              <![CDATA[org.openqa.selenium.NoSuchElementException: Unable to locate element: /html/body/div[1]/div[4]/div/div[1]/div/div[2]/div[1]/div[1]
For documentation on this error, please visit: https://www.seleniumhq.org/exceptions/no_such_element.html
Build info: version: '3.141.59', revision: 'e82be7d358', time: '2018-11-14T08:25:48'
System info: host: 'LE000539', ip: '172.25.11.66', os.name: 'Windows 10', os.arch: 'amd64', os.version: '10.0', java.version: '1.8.0_111'
Driver info: org.openqa.selenium.firefox.FirefoxDriver
Capabilities {acceptInsecureCerts: true, browserName: firefox, browserVersion: 74.0, javascriptEnabled: true, moz:accessibilityChecks: false, moz:buildID: 20200309095159, moz:geckodriverVersion: 0.26.0, moz:headless: false, moz:processID: 18664, moz:profile: C:\Users\sathyamoorthy.p\Ap..., moz:shutdownTimeout: 60000, moz:useNonSpecCompliantPointerOrigin: false, moz:webdriverClick: true, pageLoadStrategy: normal, platform: WINDOWS, platformName: WINDOWS, platformVersion: 10.0, rotatable: false, setWindowRect: true, strictFileInteractability: false, timeouts: {implicit: 0, pageLoad: 300000, script: 30000}, unhandledPromptBehavior: dismiss and notify}
Session ID: e2e0fd47-d4d9-45c0-a243-c705e558cf3a
*** Element info: {Using=xpath, value=/html/body/div[1]/div[4]/div/div[1]/div/div[2]/div[1]/div[1]}
	at sun.reflect.NativeConstructorAccessorImpl.newInstance0(Native Method)
	at sun.reflect.NativeConstructorAccessorImpl.newInstance(NativeConstructorAccessorImpl.java:62)
	at sun.reflect.DelegatingConstructorAccessorImpl.newInstance(DelegatingConstructorAccessorImpl.java:45)
	at java.lang.reflect.Constructor.newInstance(Constructor.java:423)
	at org.openqa.selenium.remote.http.W3CHttpResponseCodec.createException(W3CHttpResponseCodec.java:187)
	at org.openqa.selenium.remote.http.W3CHttpResponseCodec.decode(W3CHttpResponseCodec.java:122)
	at org.openqa.selenium.remote.http.W3CHttpResponseCodec.decode(W3CHttpResponseCodec.java:49)
	at org.openqa.selenium.remote.HttpCommandExecutor.execute(HttpCommandExecutor.java:158)
	at org.openqa.selenium.remote.service.DriverCommandExecutor.execute(DriverCommandExecutor.java:83)
	at org.openqa.selenium.remote.RemoteWebDriver.execute(RemoteWebDriver.java:552)
	at org.openqa.selenium.remote.RemoteWebDriver.findElement(RemoteWebDriver.java:323)
	at org.openqa.selenium.remote.RemoteWebDriver.findElementByXPath(RemoteWebDriver.java:428)
	at org.openqa.selenium.By$ByXPath.findElement(By.java:353)
	at org.openqa.selenium.remote.RemoteWebDriver.findElement(RemoteWebDriver.java:315)
	at pageobjects.Amazonanotherpage.verify_first_texting(Amazonanotherpage.java:30)
	at testrunner.Amazongoogletestrun.verifyfirstlineee(Amazongoogletestrun.java:27)
	at sun.reflect.NativeMethodAccessorImpl.invoke0(Native Method)
	at sun.reflect.NativeMethodAccessorImpl.invoke(NativeMethodAccessorImpl.java:62)
	at sun.reflect.DelegatingMethodAccessorImpl.invoke(DelegatingMethodAccessorImpl.java:43)
	at java.lang.reflect.Method.invoke(Method.java:498)
	at org.testng.internal.MethodInvocationHelper.invokeMethod(MethodInvocationHelper.java:84)
	at org.testng.internal.Invoker.invokeMethod(Invoker.java:714)
	at org.testng.internal.Invoker.retryFailed(Invoker.java:1049)
	at org.testng.internal.Invoker.invokeTestMethods(Invoker.java:1254)
	at org.testng.internal.TestMethodWorker.invokeTestMethods(TestMethodWorker.java:127)
	at org.testng.internal.TestMethodWorker.run(TestMethodWorker.java:111)
	at java.util.concurrent.ThreadPoolExecutor.runWorker(ThreadPoolExecutor.java:1142)
	at java.util.concurrent.ThreadPoolExecutor$Worker.run(ThreadPoolExecutor.java:617)
	at java.lang.Thread.run(Thread.java:745)
]]>
            </full-stacktrace>
          </exception> <!-- org.openqa.selenium.NoSuchElementException -->
          <reporter-output>
            <line>
              <![CDATA[<a href='C:\Users\sathyamoorthy.p\Eclipse Helios\SAIFramework\PASSEDScreenCapturesPNG\.png'> <img src='C:\Users\sathyamoorthy.p\Eclipse Helios\SAIFramework\PASSEDScreenCapturesPNG\.png' height='100' width='100'/> </a>]]>
            </line>
          </reporter-output>
        </test-method> <!-- verifyfirstlineee -->
        <test-method status="FAIL" signature="signinbuttonclick()[pri:0, instance:testrunner.Amazongoogletestrun@2698dc7]" name="signinbuttonclick" duration-ms="11808" started-at="2020-03-13T19:01:36Z" description="click the signin button" finished-at="2020-03-13T19:01:48Z">
          <exception class="org.openqa.selenium.NoSuchElementException">
            <message>
              <![CDATA[Unable to locate element: /html/body/div[1]/header/div/div[1]/div[4]/div[3]/div[2]/div/div[1]/div/a/span
For documentation on this error, please visit: https://www.seleniumhq.org/exceptions/no_such_element.html
Build info: version: '3.141.59', revision: 'e82be7d358', time: '2018-11-14T08:25:48'
System info: host: 'LE000539', ip: '172.25.11.66', os.name: 'Windows 10', os.arch: 'amd64', os.version: '10.0', java.version: '1.8.0_111'
Driver info: org.openqa.selenium.firefox.FirefoxDriver
Capabilities {acceptInsecureCerts: true, browserName: firefox, browserVersion: 74.0, javascriptEnabled: true, moz:accessibilityChecks: false, moz:buildID: 20200309095159, moz:geckodriverVersion: 0.26.0, moz:headless: false, moz:processID: 18664, moz:profile: C:\Users\sathyamoorthy.p\Ap..., moz:shutdownTimeout: 60000, moz:useNonSpecCompliantPointerOrigin: false, moz:webdriverClick: true, pageLoadStrategy: normal, platform: WINDOWS, platformName: WINDOWS, platformVersion: 10.0, rotatable: false, setWindowRect: true, strictFileInteractability: false, timeouts: {implicit: 0, pageLoad: 300000, script: 30000}, unhandledPromptBehavior: dismiss and notify}
Session ID: e2e0fd47-d4d9-45c0-a243-c705e558cf3a
*** Element info: {Using=xpath, value=/html/body/div[1]/header/div/div[1]/div[4]/div[3]/div[2]/div/div[1]/div/a/span}]]>
            </message>
            <full-stacktrace>
              <![CDATA[org.openqa.selenium.NoSuchElementException: Unable to locate element: /html/body/div[1]/header/div/div[1]/div[4]/div[3]/div[2]/div/div[1]/div/a/span
For documentation on this error, please visit: https://www.seleniumhq.org/exceptions/no_such_element.html
Build info: version: '3.141.59', revision: 'e82be7d358', time: '2018-11-14T08:25:48'
System info: host: 'LE000539', ip: '172.25.11.66', os.name: 'Windows 10', os.arch: 'amd64', os.version: '10.0', java.version: '1.8.0_111'
Driver info: org.openqa.selenium.firefox.FirefoxDriver
Capabilities {acceptInsecureCerts: true, browserName: firefox, browserVersion: 74.0, javascriptEnabled: true, moz:accessibilityChecks: false, moz:buildID: 20200309095159, moz:geckodriverVersion: 0.26.0, moz:headless: false, moz:processID: 18664, moz:profile: C:\Users\sathyamoorthy.p\Ap..., moz:shutdownTimeout: 60000, moz:useNonSpecCompliantPointerOrigin: false, moz:webdriverClick: true, pageLoadStrategy: normal, platform: WINDOWS, platformName: WINDOWS, platformVersion: 10.0, rotatable: false, setWindowRect: true, strictFileInteractability: false, timeouts: {implicit: 0, pageLoad: 300000, script: 30000}, unhandledPromptBehavior: dismiss and notify}
Session ID: e2e0fd47-d4d9-45c0-a243-c705e558cf3a
*** Element info: {Using=xpath, value=/html/body/div[1]/header/div/div[1]/div[4]/div[3]/div[2]/div/div[1]/div/a/span}
	at sun.reflect.NativeConstructorAccessorImpl.newInstance0(Native Method)
	at sun.reflect.NativeConstructorAccessorImpl.newInstance(NativeConstructorAccessorImpl.java:62)
	at sun.reflect.DelegatingConstructorAccessorImpl.newInstance(DelegatingConstructorAccessorImpl.java:45)
	at java.lang.reflect.Constructor.newInstance(Constructor.java:423)
	at org.openqa.selenium.remote.http.W3CHttpResponseCodec.createException(W3CHttpResponseCodec.java:187)
	at org.openqa.selenium.remote.http.W3CHttpResponseCodec.decode(W3CHttpResponseCodec.java:122)
	at org.openqa.selenium.remote.http.W3CHttpResponseCodec.decode(W3CHttpResponseCodec.java:49)
	at org.openqa.selenium.remote.HttpCommandExecutor.execute(HttpCommandExecutor.java:158)
	at org.openqa.selenium.remote.service.DriverCommandExecutor.execute(DriverCommandExecutor.java:83)
	at org.openqa.selenium.remote.RemoteWebDriver.execute(RemoteWebDriver.java:552)
	at org.openqa.selenium.remote.RemoteWebDriver.findElement(RemoteWebDriver.java:323)
	at org.openqa.selenium.remote.RemoteWebDriver.findElementByXPath(RemoteWebDriver.java:428)
	at org.openqa.selenium.By$ByXPath.findElement(By.java:353)
	at org.openqa.selenium.remote.RemoteWebDriver.findElement(RemoteWebDriver.java:315)
	at pageobjects.Amazonanotherpage.signin_button_click(Amazonanotherpage.java:39)
	at testrunner.Amazongoogletestrun.signinbuttonclick(Amazongoogletestrun.java:37)
	at sun.reflect.NativeMethodAccessorImpl.invoke0(Native Method)
	at sun.reflect.NativeMethodAccessorImpl.invoke(NativeMethodAccessorImpl.java:62)
	at sun.reflect.DelegatingMethodAccessorImpl.invoke(DelegatingMethodAccessorImpl.java:43)
	at java.lang.reflect.Method.invoke(Method.java:498)
	at org.testng.internal.MethodInvocationHelper.invokeMethod(MethodInvocationHelper.java:84)
	at org.testng.internal.Invoker.invokeMethod(Invoker.java:714)
	at org.testng.internal.Invoker.invokeTestMethod(Invoker.java:901)
	at org.testng.internal.Invoker.invokeTestMethods(Invoker.java:1231)
	at org.testng.internal.TestMethodWorker.invokeTestMethods(TestMethodWorker.java:127)
	at org.testng.internal.TestMethodWorker.run(TestMethodWorker.java:111)
	at java.util.concurrent.ThreadPoolExecutor.runWorker(ThreadPoolExecutor.java:1142)
	at java.util.concurrent.ThreadPoolExecutor$Worker.run(ThreadPoolExecutor.java:617)
	at java.lang.Thread.run(Thread.java:745)
]]>
            </full-stacktrace>
          </exception> <!-- org.openqa.selenium.NoSuchElementException -->
          <reporter-output>
            <line>
              <![CDATA[<a href='C:\Users\sathyamoorthy.p\Eclipse Helios\SAIFramework\PASSEDScreenCapturesPNG\.png'> <img src='C:\Users\sathyamoorthy.p\Eclipse Helios\SAIFramework\PASSEDScreenCapturesPNG\.png' height='100' width='100'/> </a>]]>
            </line>
          </reporter-output>
        </test-method> <!-- signinbuttonclick -->
        <test-method status="FAIL" signature="signinbuttonclick()[pri:0, instance:testrunner.Amazongoogletestrun@2698dc7]" name="signinbuttonclick" duration-ms="10010" started-at="2020-03-13T19:01:49Z" description="click the signin button" finished-at="2020-03-13T19:01:59Z">
          <exception class="org.openqa.selenium.NoSuchElementException">
            <message>
              <![CDATA[Unable to locate element: //*[@id="nav-link-accountList"]
For documentation on this error, please visit: https://www.seleniumhq.org/exceptions/no_such_element.html
Build info: version: '3.141.59', revision: 'e82be7d358', time: '2018-11-14T08:25:48'
System info: host: 'LE000539', ip: '172.25.11.66', os.name: 'Windows 10', os.arch: 'amd64', os.version: '10.0', java.version: '1.8.0_111'
Driver info: org.openqa.selenium.firefox.FirefoxDriver
Capabilities {acceptInsecureCerts: true, browserName: firefox, browserVersion: 74.0, javascriptEnabled: true, moz:accessibilityChecks: false, moz:buildID: 20200309095159, moz:geckodriverVersion: 0.26.0, moz:headless: false, moz:processID: 18664, moz:profile: C:\Users\sathyamoorthy.p\Ap..., moz:shutdownTimeout: 60000, moz:useNonSpecCompliantPointerOrigin: false, moz:webdriverClick: true, pageLoadStrategy: normal, platform: WINDOWS, platformName: WINDOWS, platformVersion: 10.0, rotatable: false, setWindowRect: true, strictFileInteractability: false, timeouts: {implicit: 0, pageLoad: 300000, script: 30000}, unhandledPromptBehavior: dismiss and notify}
Session ID: e2e0fd47-d4d9-45c0-a243-c705e558cf3a
*** Element info: {Using=xpath, value=//*[@id="nav-link-accountList"]}]]>
            </message>
            <full-stacktrace>
              <![CDATA[org.openqa.selenium.NoSuchElementException: Unable to locate element: //*[@id="nav-link-accountList"]
For documentation on this error, please visit: https://www.seleniumhq.org/exceptions/no_such_element.html
Build info: version: '3.141.59', revision: 'e82be7d358', time: '2018-11-14T08:25:48'
System info: host: 'LE000539', ip: '172.25.11.66', os.name: 'Windows 10', os.arch: 'amd64', os.version: '10.0', java.version: '1.8.0_111'
Driver info: org.openqa.selenium.firefox.FirefoxDriver
Capabilities {acceptInsecureCerts: true, browserName: firefox, browserVersion: 74.0, javascriptEnabled: true, moz:accessibilityChecks: false, moz:buildID: 20200309095159, moz:geckodriverVersion: 0.26.0, moz:headless: false, moz:processID: 18664, moz:profile: C:\Users\sathyamoorthy.p\Ap..., moz:shutdownTimeout: 60000, moz:useNonSpecCompliantPointerOrigin: false, moz:webdriverClick: true, pageLoadStrategy: normal, platform: WINDOWS, platformName: WINDOWS, platformVersion: 10.0, rotatable: false, setWindowRect: true, strictFileInteractability: false, timeouts: {implicit: 0, pageLoad: 300000, script: 30000}, unhandledPromptBehavior: dismiss and notify}
Session ID: e2e0fd47-d4d9-45c0-a243-c705e558cf3a
*** Element info: {Using=xpath, value=//*[@id="nav-link-accountList"]}
	at sun.reflect.NativeConstructorAccessorImpl.newInstance0(Native Method)
	at sun.reflect.NativeConstructorAccessorImpl.newInstance(NativeConstructorAccessorImpl.java:62)
	at sun.reflect.DelegatingConstructorAccessorImpl.newInstance(DelegatingConstructorAccessorImpl.java:45)
	at java.lang.reflect.Constructor.newInstance(Constructor.java:423)
	at org.openqa.selenium.remote.http.W3CHttpResponseCodec.createException(W3CHttpResponseCodec.java:187)
	at org.openqa.selenium.remote.http.W3CHttpResponseCodec.decode(W3CHttpResponseCodec.java:122)
	at org.openqa.selenium.remote.http.W3CHttpResponseCodec.decode(W3CHttpResponseCodec.java:49)
	at org.openqa.selenium.remote.HttpCommandExecutor.execute(HttpCommandExecutor.java:158)
	at org.openqa.selenium.remote.service.DriverCommandExecutor.execute(DriverCommandExecutor.java:83)
	at org.openqa.selenium.remote.RemoteWebDriver.execute(RemoteWebDriver.java:552)
	at org.openqa.selenium.remote.RemoteWebDriver.findElement(RemoteWebDriver.java:323)
	at org.openqa.selenium.remote.RemoteWebDriver.findElementByXPath(RemoteWebDriver.java:428)
	at org.openqa.selenium.By$ByXPath.findElement(By.java:353)
	at org.openqa.selenium.remote.RemoteWebDriver.findElement(RemoteWebDriver.java:315)
	at pageobjects.Amazonanotherpage.signin_button_click(Amazonanotherpage.java:37)
	at testrunner.Amazongoogletestrun.signinbuttonclick(Amazongoogletestrun.java:37)
	at sun.reflect.NativeMethodAccessorImpl.invoke0(Native Method)
	at sun.reflect.NativeMethodAccessorImpl.invoke(NativeMethodAccessorImpl.java:62)
	at sun.reflect.DelegatingMethodAccessorImpl.invoke(DelegatingMethodAccessorImpl.java:43)
	at java.lang.reflect.Method.invoke(Method.java:498)
	at org.testng.internal.MethodInvocationHelper.invokeMethod(MethodInvocationHelper.java:84)
	at org.testng.internal.Invoker.invokeMethod(Invoker.java:714)
	at org.testng.internal.Invoker.retryFailed(Invoker.java:1049)
	at org.testng.internal.Invoker.invokeTestMethods(Invoker.java:1254)
	at org.testng.internal.TestMethodWorker.invokeTestMethods(TestMethodWorker.java:127)
	at org.testng.internal.TestMethodWorker.run(TestMethodWorker.java:111)
	at java.util.concurrent.ThreadPoolExecutor.runWorker(ThreadPoolExecutor.java:1142)
	at java.util.concurrent.ThreadPoolExecutor$Worker.run(ThreadPoolExecutor.java:617)
	at java.lang.Thread.run(Thread.java:745)
]]>
            </full-stacktrace>
          </exception> <!-- org.openqa.selenium.NoSuchElementException -->
          <reporter-output>
            <line>
              <![CDATA[<a href='C:\Users\sathyamoorthy.p\Eclipse Helios\SAIFramework\PASSEDScreenCapturesPNG\.png'> <img src='C:\Users\sathyamoorthy.p\Eclipse Helios\SAIFramework\PASSEDScreenCapturesPNG\.png' height='100' width='100'/> </a>]]>
            </line>
          </reporter-output>
        </test-method> <!-- signinbuttonclick -->
        <test-method status="PASS" signature="movetothenextpagecreateaccount()[pri:0, instance:testrunner.Amazongoogletestrun@2698dc7]" name="movetothenextpagecreateaccount" duration-ms="719" started-at="2020-03-13T19:01:59Z" description="Navigate to the next page create account" finished-at="2020-03-13T19:02:00Z">
          <reporter-output>
            <line>
              <![CDATA[<a href='C:\Users\sathyamoorthy.p\Eclipse Helios\SAIFramework\PASSEDScreenCapturesPNG\.png'> <img src='C:\Users\sathyamoorthy.p\Eclipse Helios\SAIFramework\PASSEDScreenCapturesPNG\.png' height='100' width='100'/> </a>]]>
            </line>
          </reporter-output>
        </test-method> <!-- movetothenextpagecreateaccount -->
      </class> <!-- testrunner.Amazongoogletestrun -->
    </test> <!-- Amazongoogletest -->
    <test name="Logincredentialtest" duration-ms="20872" started-at="2020-03-13T13:32:02Z" finished-at="2020-03-13T13:32:23Z">
      <class name="testrunner.Logincredentialtestrun">
        <test-method status="PASS" signature="amazonregtitleverify()[pri:0, instance:testrunner.Logincredentialtestrun@1e4a7dd4]" name="amazonregtitleverify" duration-ms="131" started-at="2020-03-13T19:02:02Z" finished-at="2020-03-13T19:02:02Z">
          <reporter-output>
            <line>
              <![CDATA[<a href='C:\Users\sathyamoorthy.p\Eclipse Helios\SAIFramework\PASSEDScreenCapturesPNG\.png'> <img src='C:\Users\sathyamoorthy.p\Eclipse Helios\SAIFramework\PASSEDScreenCapturesPNG\.png' height='100' width='100'/> </a>]]>
            </line>
          </reporter-output>
        </test-method> <!-- amazonregtitleverify -->
        <test-method status="PASS" signature="enterthename(java.lang.String, java.lang.String, java.lang.String)[pri:0, instance:testrunner.Logincredentialtestrun@1e4a7dd4]" name="enterthename" duration-ms="418" started-at="2020-03-13T19:02:04Z" data-provider="inputdata" finished-at="2020-03-13T19:02:04Z">
          <params>
            <param index="0">
              <value>
                <![CDATA[sathyamoorthy]]>
              </value>
            </param>
            <param index="1">
              <value>
                <![CDATA[9894571625]]>
              </value>
            </param>
            <param index="2">
              <value>
                <![CDATA[sathya1983.moorthy@gmail.com]]>
              </value>
            </param>
          </params>
          <reporter-output>
            <line>
              <![CDATA[<a href='C:\Users\sathyamoorthy.p\Eclipse Helios\SAIFramework\PASSEDScreenCapturesPNG\.png'> <img src='C:\Users\sathyamoorthy.p\Eclipse Helios\SAIFramework\PASSEDScreenCapturesPNG\.png' height='100' width='100'/> </a>]]>
            </line>
          </reporter-output>
        </test-method> <!-- enterthename -->
        <test-method status="PASS" signature="dateselection()[pri:0, instance:testrunner.Logincredentialtestrun@1e4a7dd4]" name="dateselection" duration-ms="15110" started-at="2020-03-13T19:02:06Z" finished-at="2020-03-13T19:02:21Z">
          <reporter-output>
            <line>
              <![CDATA[<a href='C:\Users\sathyamoorthy.p\Eclipse Helios\SAIFramework\PASSEDScreenCapturesPNG\.png'> <img src='C:\Users\sathyamoorthy.p\Eclipse Helios\SAIFramework\PASSEDScreenCapturesPNG\.png' height='100' width='100'/> </a>]]>
            </line>
          </reporter-output>
        </test-method> <!-- dateselection -->
        <test-method status="PASS" signature="getthetitle()[pri:0, instance:testrunner.Logincredentialtestrun@1e4a7dd4]" name="getthetitle" duration-ms="11" started-at="2020-03-13T19:02:22Z" finished-at="2020-03-13T19:02:22Z">
          <reporter-output>
            <line>
              <![CDATA[<a href='C:\Users\sathyamoorthy.p\Eclipse Helios\SAIFramework\PASSEDScreenCapturesPNG\.png'> <img src='C:\Users\sathyamoorthy.p\Eclipse Helios\SAIFramework\PASSEDScreenCapturesPNG\.png' height='100' width='100'/> </a>]]>
            </line>
          </reporter-output>
        </test-method> <!-- getthetitle -->
      </class> <!-- testrunner.Logincredentialtestrun -->
    </test> <!-- Logincredentialtest -->
  </suite> <!-- TestingSuite -->
</testng-results>
